<?xml version="1.0" encoding="UTF-8"?>
<!-- Generated by org.testng.reporters.JUnitXMLReporter -->
<testsuite ignored="0" hostname="LAPTOP-MBBABO35" failures="1" tests="2" name="Test" time="32.019" errors="0" timestamp="2025-04-05T12:16:02 IST">
  <testcase classname="testCases.TC001_AccountRegistrationTest" name="verify_account_registration" time="4.88"/>
  <testcase classname="testCases.TC002_LoginTest" name="verify_login" time="12.821">
    <failure type="java.lang.AssertionError" message="Login Failed.. expected [true] but found [false]">
      <![CDATA[java.lang.AssertionError: Login Failed.. expected [true] but found [false]
at testCases.TC002_LoginTest.verify_login(TC002_LoginTest.java:32)
at java.base/java.util.ArrayList.forEach(ArrayList.java:1597)
... Removed 28 stack frames]]>
    </failure>
  </testcase> <!-- verify_login -->
</testsuite> <!-- Test -->
