<?xml version="1.0" encoding="UTF-8"?>
<testsuite xmlns:xsi="http://www.w3.org/2001/XMLSchema-instance" xsi:noNamespaceSchemaLocation="https://maven.apache.org/surefire/maven-surefire-plugin/xsd/surefire-test-report.xsd" version="3.0.2" name="TestSuite" time="26.056" tests="2" errors="0" skipped="0" failures="0">
  <properties>
[...]
</properties>
  <testcase name="verify_login" classname="testCases.TC002_LoginTest" time="2.682">
    <system-out><![CDATA[11:44:23.781 [main] INFO  testCases.TC002_LoginTest - ******  Starting TC002_LoginTest *******
11:44:24.290 [main] INFO  testCases.TC002_LoginTest - Clicked on MyAccount link
11:44:24.779 [main] INFO  testCases.TC002_LoginTest - Clicked on Login link
11:44:25.434 [main] INFO  testCases.TC002_LoginTest - Entered valid Login credentials
11:44:26.311 [main] INFO  testCases.TC002_LoginTest - Validating MyAccount displayed
11:44:26.402 [main] INFO  testCases.TC002_LoginTest - ******  Finished TC002_LoginTest *******
]]></system-out>
    <system-err><![CDATA[Apr 13, 2025 11:44:20 AM org.openqa.selenium.devtools.CdpVersionFinder findNearestMatch
WARNING: Unable to find an exact match for CDP version 135, returning the closest version; found: 134; Please update to a Selenium version that supports CDP version 135
]]></system-err>
  </testcase>
  <testcase name="verify_account_registration" classname="testCases.TC001_AccountRegistrationTest" time="4.314">
    <system-out><![CDATA[11:44:33.798 [main] INFO  testCases.TC001_AccountRegistrationTest - ***** Starting TC001_AccountRegistrationTest ******
11:44:34.017 [main] INFO  testCases.TC001_AccountRegistrationTest - Clicked on MyAccount link
11:44:35.552 [main] INFO  testCases.TC001_AccountRegistrationTest - Clicked on Register Link
11:44:35.564 [main] INFO  testCases.TC001_AccountRegistrationTest - Providing customer details...
11:44:38.028 [main] INFO  testCases.TC001_AccountRegistrationTest - Validating expected message...
11:44:38.098 [main] INFO  testCases.TC001_AccountRegistrationTest - ***** Finished TC001_AccountRegistrationTest ******
]]></system-out>
    <system-err><![CDATA[Apr 13, 2025 11:44:29 AM org.openqa.selenium.devtools.CdpVersionFinder findNearestMatch
WARNING: Unable to find an exact match for CDP version 135, returning the closest version; found: 134; Please update to a Selenium version that supports CDP version 135
]]></system-err>
  </testcase>
</testsuite>